<?xml version="1.0" encoding="UTF-8"?>
<robot generator="Robot 3.2.1 (Python 3.7.1 on darwin)" generated="20210817 23:12:06.926" rpa="false">
<suite id="s1" name="RobotAutomation" source="/Users/sivabalan/PycharmProjects/WBB_Robot/Tests/RobotAutomation.robot">
<test id="s1-t1" name="TC04_Sign in with invalid data using already registered user option">
<kw name="Open Browser" library="SeleniumLibrary">
<doc>Opens a new browser instance to the given ``url``.</doc>
<arguments>
<arg>${wbb_url}</arg>
<arg>${chrome_browser}</arg>
</arguments>
<msg timestamp="20210817 23:12:07.057" level="INFO">Opening browser 'chrome' to base url 'http://automationpractice.com/index.php'.</msg>
<status status="PASS" starttime="20210817 23:12:07.057" endtime="20210817 23:12:11.602"></status>
</kw>
<kw name="Maximize Browser Window" library="SeleniumLibrary">
<doc>Maximizes current browser window.</doc>
<status status="PASS" starttime="20210817 23:12:11.603" endtime="20210817 23:12:11.754"></status>
</kw>
<kw name="User is able to click the sign in" library="WBBScreen">
<kw name="Wait Until Page Contains Element" library="SeleniumLibrary">
<doc>Waits until element ``locator`` appears on current page.</doc>
<arguments>
<arg>${sign_in}</arg>
<arg>error=Sign in option is not displayed</arg>
<arg>timeout=10s</arg>
</arguments>
<status status="PASS" starttime="20210817 23:12:11.755" endtime="20210817 23:12:11.767"></status>
</kw>
<kw name="Click Element" library="SeleniumLibrary">
<doc>Click element identified by ``locator``.</doc>
<arguments>
<arg>${sign_in}</arg>
</arguments>
<msg timestamp="20210817 23:12:11.767" level="INFO">Clicking element '//*[@id="header"]/div[2]/div/div/nav/div[1]/a[@title="Log in to your customer account"]'.</msg>
<status status="PASS" starttime="20210817 23:12:11.767" endtime="20210817 23:12:12.732"></status>
</kw>
<kw name="Wait Until Page Contains Element" library="SeleniumLibrary">
<doc>Waits until element ``locator`` appears on current page.</doc>
<arguments>
<arg>${form_login}</arg>
<arg>error=Login page is not displayed</arg>
<arg>timeout=10s</arg>
</arguments>
<status status="PASS" starttime="20210817 23:12:12.732" endtime="20210817 23:12:12.750"></status>
</kw>
<status status="PASS" starttime="20210817 23:12:11.754" endtime="20210817 23:12:12.750"></status>
</kw>
<kw name="User is able to enter email and password" library="WBBScreen">
<kw name="Wait Until Page Contains Element" library="SeleniumLibrary">
<doc>Waits until element ``locator`` appears on current page.</doc>
<arguments>
<arg>${email_address}</arg>
<arg>error=Email field is not displayed</arg>
<arg>timeout=10s</arg>
</arguments>
<status status="PASS" starttime="20210817 23:12:12.751" endtime="20210817 23:12:12.760"></status>
</kw>
<kw name="Input Text" library="SeleniumLibrary">
<doc>Types the given ``text`` into text field identified by ``locator``.</doc>
<arguments>
<arg>${email_address}</arg>
<arg>${email_input}</arg>
</arguments>
<msg timestamp="20210817 23:12:12.760" level="INFO">Typing text 'test@gmail.com' into text field '//*[@id="email"]'.</msg>
<status status="PASS" starttime="20210817 23:12:12.760" endtime="20210817 23:12:12.969"></status>
</kw>
<kw name="Wait Until Page Contains Element" library="SeleniumLibrary">
<doc>Waits until element ``locator`` appears on current page.</doc>
<arguments>
<arg>${login_password}</arg>
<arg>error=Password field is not displayed</arg>
<arg>timeout=10s</arg>
</arguments>
<status status="PASS" starttime="20210817 23:12:12.969" endtime="20210817 23:12:12.978"></status>
</kw>
<kw name="Input Text" library="SeleniumLibrary">
<doc>Types the given ``text`` into text field identified by ``locator``.</doc>
<arguments>
<arg>${login_password}</arg>
<arg>${password_input}</arg>
</arguments>
<msg timestamp="20210817 23:12:12.979" level="INFO">Typing text 'password123' into text field '//*[@id="passwd"]'.</msg>
<status status="PASS" starttime="20210817 23:12:12.978" endtime="20210817 23:12:13.051"></status>
</kw>
<status status="PASS" starttime="20210817 23:12:12.750" endtime="20210817 23:12:13.051"></status>
</kw>
<kw name="User is able to click sign in button" library="WBBScreen">
<kw name="Wait Until Page Contains Element" library="SeleniumLibrary">
<doc>Waits until element ``locator`` appears on current page.</doc>
<arguments>
<arg>${btn_signin}</arg>
<arg>error=Sign in button is not displayed</arg>
<arg>timeout=10s</arg>
</arguments>
<status status="PASS" starttime="20210817 23:12:13.051" endtime="20210817 23:12:13.060"></status>
</kw>
<kw name="Click Element" library="SeleniumLibrary">
<doc>Click element identified by ``locator``.</doc>
<arguments>
<arg>${btn_signin}</arg>
</arguments>
<msg timestamp="20210817 23:12:13.060" level="INFO">Clicking element '//*[@id="SubmitLogin"]'.</msg>
<status status="PASS" starttime="20210817 23:12:13.060" endtime="20210817 23:12:14.416"></status>
</kw>
<status status="PASS" starttime="20210817 23:12:13.051" endtime="20210817 23:12:14.416"></status>
</kw>
<kw name="User is able to validate authentication failure error message" library="WBBScreen">
<kw name="Page Should Contain" library="SeleniumLibrary">
<doc>Verifies that current page contains ``text``.</doc>
<arguments>
<arg>${text_authentication_failed}</arg>
<arg>error=Authentication failed error is not displayed</arg>
</arguments>
<msg timestamp="20210817 23:12:14.437" level="INFO">Current page contains text 'Authentication failed.'.</msg>
<status status="PASS" starttime="20210817 23:12:14.417" endtime="20210817 23:12:14.437"></status>
</kw>
<status status="PASS" starttime="20210817 23:12:14.416" endtime="20210817 23:12:14.437"></status>
</kw>
<doc>To validate sign in using already registered user option</doc>
<status status="PASS" starttime="20210817 23:12:07.056" endtime="20210817 23:12:14.438" critical="yes"></status>
</test>
<status status="PASS" starttime="20210817 23:12:06.927" endtime="20210817 23:12:14.438"></status>
</suite>
<statistics>
<total>
<stat pass="1" fail="0">Critical Tests</stat>
<stat pass="1" fail="0">All Tests</stat>
</total>
<tag>
</tag>
<suite>
<stat pass="1" fail="0" id="s1" name="RobotAutomation">RobotAutomation</stat>
</suite>
</statistics>
<errors>
<msg timestamp="20210817 23:12:07.054" level="ERROR">Error in file '/Users/sivabalan/PycharmProjects/WBB_Robot/Resources/Common Components/WBBScreen.robot' on line 4: Resource file 'Data/InputData.robot' does not exist.</msg>
</errors>
</robot>
